{"numTotalTestSuites":56,"numPassedTestSuites":53,"numFailedTestSuites":3,"numPendingTestSuites":0,"numTotalTests":133,"numPassedTests":132,"numFailedTests":1,"numPendingTests":0,"numTodoTests":0,"snapshot":{"added":0,"failure":false,"filesAdded":0,"filesRemoved":0,"filesRemovedList":[],"filesUnmatched":0,"filesUpdated":0,"matched":0,"total":0,"unchecked":0,"uncheckedKeysByFile":[],"unmatched":0,"updated":0,"didUpdate":false},"startTime":1783486384935,"success":false,"testResults":[{"assertionResults":[{"ancestorTitles":["api client — request routing","getSources"],"fullName":"api client — request routing getSources GETs /api/sources and returns parsed array","status":"passed","title":"GETs /api/sources and returns parsed array","duration":2.7616510000000005,"failureMessages":[],"meta":{},"tags":[]},{"ancestorTitles":["api client — request routing","getChannels"],"fullName":"api client — request routing getChannels GETs /api/channels","status":"passed","title":"GETs /api/channels","duration":0.2838779999999872,"failureMessages":[],"meta":{},"tags":[]},{"ancestorTitles":["api client — request routing","createChannel"],"fullName":"api client — request routing createChannel POSTs /api/channels with JSON body and returns channel_id","status":"passed","title":"POSTs /api/channels with JSON body and returns channel_id","duration":0.5723660000000166,"failureMessages":[],"meta":{},"tags":[]},{"ancestorTitles":["api client — request routing","updateChannel"],"fullName":"api client — request routing updateChannel PATCHes /api/channels/:id","status":"passed","title":"PATCHes /api/channels/:id","duration":0.18868100000000254,"failureMessages":[],"meta":{},"tags":[]},{"ancestorTitles":["api client — request routing","deleteChannel"],"fullName":"api client — request routing deleteChannel DELETEs /api/channels/:id with no body","status":"passed","title":"DELETEs /api/channels/:id with no body","duration":0.16801800000001776,"failureMessages":[],"meta":{},"tags":[]},{"ancestorTitles":["api client — request routing","addBlockContent"],"fullName":"api client — request routing addBlockContent POSTs to the correct nested URL","status":"passed","title":"POSTs to the correct nested URL","duration":0.11769400000000019,"failureMessages":[],"meta":{},"tags":[]},{"ancestorTitles":["api client — error handling"],"fullName":"api client — error handling throws the error field from a non-ok response body","status":"passed","title":"throws the error field from a non-ok response body","duration":0.7545809999999733,"failureMessages":[],"meta":{},"tags":[]},{"ancestorTitles":["api client — error handling"],"fullName":"api client — error handling falls back to statusText when body has no error field","status":"passed","title":"falls back to statusText when body has no error field","duration":0.22028900000000817,"failureMessages":[],"meta":{},"tags":[]},{"ancestorTitles":["api client — error handling"],"fullName":"api client — error handling does not throw on 204 no-body responses","status":"passed","title":"does not throw on 204 no-body responses","duration":0.23736600000000863,"failureMessages":[],"meta":{},"tags":[]},{"ancestorTitles":["api client — query string builder (qs)"],"fullName":"api client — query string builder (qs) omits undefined params","status":"passed","title":"omits undefined params","duration":0.31236599999999726,"failureMessages":[],"meta":{},"tags":[]},{"ancestorTitles":["api client — query string builder (qs)"],"fullName":"api client — query string builder (qs) omits empty-string params","status":"passed","title":"omits empty-string params","duration":0.12152000000000385,"failureMessages":[],"meta":{},"tags":[]},{"ancestorTitles":["api client — query string builder (qs)"],"fullName":"api client — query string builder (qs) encodes special characters","status":"passed","title":"encodes special characters","duration":0.08516199999999685,"failureMessages":[],"meta":{},"tags":[]},{"ancestorTitles":["api client — EPG endpoints"],"fullName":"api client — EPG endpoints previewChannelEpg POSTs hours and seed in the JSON body, not the URL","status":"passed","title":"previewChannelEpg POSTs hours and seed in the JSON body, not the URL","duration":0.1946219999999812,"failureMessages":[],"meta":{},"tags":[]},{"ancestorTitles":["api client — EPG endpoints"],"fullName":"api client — EPG endpoints previewChannelEpg omits hours/seed/blocks from the body when not given","status":"passed","title":"previewChannelEpg omits hours/seed/blocks from the body when not given","duration":0.08484699999999634,"failureMessages":[],"meta":{},"tags":[]},{"ancestorTitles":["api client — EPG endpoints"],"fullName":"api client — EPG endpoints getChannelEpg appends hours when provided","status":"passed","title":"getChannelEpg appends hours when provided","duration":0.0928429999999878,"failureMessages":[],"meta":{},"tags":[]},{"ancestorTitles":["api client — auth headers and X-Pantheon-Surface"],"fullName":"api client — auth headers and X-Pantheon-Surface authHeaders() is empty with no token and no active surface","status":"passed","title":"authHeaders() is empty with no token and no active surface","duration":0.13132800000002476,"failureMessages":[],"meta":{},"tags":[]},{"ancestorTitles":["api client — auth headers and X-Pantheon-Surface"],"fullName":"api client — auth headers and X-Pantheon-Surface authHeaders() includes a bearer token when one is stored","status":"passed","title":"authHeaders() includes a bearer token when one is stored","duration":0.09213499999998476,"failureMessages":[],"meta":{},"tags":[]},{"ancestorTitles":["api client — auth headers and X-Pantheon-Surface"],"fullName":"api client — auth headers and X-Pantheon-Surface authHeaders() includes X-Pantheon-Surface once setSurface is called","status":"passed","title":"authHeaders() includes X-Pantheon-Surface once setSurface is called","duration":0.08577499999998395,"failureMessages":[],"meta":{},"tags":[]},{"ancestorTitles":["api client — auth headers and X-Pantheon-Surface"],"fullName":"api client — auth headers and X-Pantheon-Surface setSurface(null) clears the header again","status":"passed","title":"setSurface(null) clears the header again","duration":0.27500899999998296,"failureMessages":[],"meta":{},"tags":[]},{"ancestorTitles":["api client — auth headers and X-Pantheon-Surface"],"fullName":"api client — auth headers and X-Pantheon-Surface request() sends no Authorization header when no token is set","status":"passed","title":"request() sends no Authorization header when no token is set","duration":0.08826899999999682,"failureMessages":[],"meta":{},"tags":[]},{"ancestorTitles":["api client — auth headers and X-Pantheon-Surface"],"fullName":"api client — auth headers and X-Pantheon-Surface request() sends the bearer token once one is stored","status":"passed","title":"request() sends the bearer token once one is stored","duration":0.07291399999999726,"failureMessages":[],"meta":{},"tags":[]},{"ancestorTitles":["api client — auth headers and X-Pantheon-Surface"],"fullName":"api client — auth headers and X-Pantheon-Surface request() carries X-Pantheon-Surface while the /tv surface is active","status":"passed","title":"request() carries X-Pantheon-Surface while the /tv surface is active","duration":0.06634799999997654,"failureMessages":[],"meta":{},"tags":[]},{"ancestorTitles":["api client — auth headers and X-Pantheon-Surface"],"fullName":"api client — auth headers and X-Pantheon-Surface dispatches kairos:unauthorized on a 401 response","status":"passed","title":"dispatches kairos:unauthorized on a 401 response","duration":0.28675400000000195,"failureMessages":[],"meta":{},"tags":[]}],"startTime":1783486385099,"endTime":1783486385106.2869,"status":"passed","message":"","name":"/ChimeraShare/Pantheon-Linux/momus/hades/api/client.test.ts"},{"assertionResults":[{"ancestorTitles":["toAbsoluteStreamUrl"],"fullName":"toAbsoluteStreamUrl resolves a relative path against window.location.origin","status":"passed","title":"resolves a relative path against window.location.origin","duration":1.1536220000000128,"failureMessages":[],"meta":{},"tags":[]},{"ancestorTitles":["buildLoadRequest"],"fullName":"buildLoadRequest builds an HLS MediaInfo with an absolute contentId","status":"passed","title":"builds an HLS MediaInfo with an absolute contentId","duration":0.256779999999992,"failureMessages":[],"meta":{},"tags":[]},{"ancestorTitles":["buildLoadRequest"],"fullName":"buildLoadRequest always sets autoplay","status":"passed","title":"always sets autoplay","duration":0.10611299999999346,"failureMessages":[],"meta":{},"tags":[]},{"ancestorTitles":["buildLoadRequest"],"fullName":"buildLoadRequest uses BUFFERED stream type and sets currentTime (seconds) for VOD","status":"passed","title":"uses BUFFERED stream type and sets currentTime (seconds) for VOD","duration":0.12827099999998381,"failureMessages":[],"meta":{},"tags":[]},{"ancestorTitles":["buildLoadRequest"],"fullName":"buildLoadRequest uses LIVE stream type and leaves currentTime untouched for channels","status":"passed","title":"uses LIVE stream type and leaves currentTime untouched for channels","duration":0.11143200000000775,"failureMessages":[],"meta":{},"tags":[]},{"ancestorTitles":["buildLoadRequest"],"fullName":"buildLoadRequest builds MovieMediaMetadata when no seriesTitle is given","status":"passed","title":"builds MovieMediaMetadata when no seriesTitle is given","duration":0.15308500000000436,"failureMessages":[],"meta":{},"tags":[]},{"ancestorTitles":["buildLoadRequest"],"fullName":"buildLoadRequest builds TvShowMediaMetadata with season/episode when seriesTitle is given","status":"passed","title":"builds TvShowMediaMetadata with season/episode when seriesTitle is given","duration":0.14959500000000503,"failureMessages":[],"meta":{},"tags":[]},{"ancestorTitles":["buildLoadRequest"],"fullName":"buildLoadRequest attaches an absolute poster image when imageUrl is given","status":"passed","title":"attaches an absolute poster image when imageUrl is given","duration":0.48149900000001367,"failureMessages":[],"meta":{},"tags":[]},{"ancestorTitles":["buildLoadRequest"],"fullName":"buildLoadRequest omits images entirely when no imageUrl is given","status":"passed","title":"omits images entirely when no imageUrl is given","duration":0.16977500000001555,"failureMessages":[],"meta":{},"tags":[]}],"startTime":1783486385094,"endTime":1783486385097.1697,"status":"passed","message":"","name":"/ChimeraShare/Pantheon-Linux/momus/hades/cast/castMedia.test.ts"},{"assertionResults":[{"ancestorTitles":["resolvePlayPath"],"fullName":"resolvePlayPath movies resolve directly with no API calls","status":"passed","title":"movies resolve directly with no API calls","duration":1.2331800000000044,"failureMessages":[],"meta":{},"tags":[]},{"ancestorTitles":["resolvePlayPath"],"fullName":"resolvePlayPath a show with no progress and no episodes resolves to null","status":"passed","title":"a show with no progress and no episodes resolves to null","duration":0.21544099999999844,"failureMessages":[],"meta":{},"tags":[]},{"ancestorTitles":["resolvePlayPath"],"fullName":"resolvePlayPath a show with episodes but no progress starts at the earliest episode","status":"passed","title":"a show with episodes but no progress starts at the earliest episode","duration":0.14620199999998817,"failureMessages":[],"meta":{},"tags":[]},{"ancestorTitles":["resolvePlayPath"],"fullName":"resolvePlayPath resumes the most recently updated in-progress episode for this show","status":"passed","title":"resumes the most recently updated in-progress episode for this show","duration":0.12855000000001837,"failureMessages":[],"meta":{},"tags":[]},{"ancestorTitles":["resolvePlayPath"],"fullName":"resolvePlayPath ignores progress entries for other shows","status":"passed","title":"ignores progress entries for other shows","duration":0.11680099999998106,"failureMessages":[],"meta":{},"tags":[]},{"ancestorTitles":["resolvePlayPath"],"fullName":"resolvePlayPath ignores non-episode progress entries (movies)","status":"passed","title":"ignores non-episode progress entries (movies)","duration":0.10633599999999888,"failureMessages":[],"meta":{},"tags":[]},{"ancestorTitles":["resolvePlayPath"],"fullName":"resolvePlayPath treats a getWatchProgress failure as no progress rather than rejecting","status":"passed","title":"treats a getWatchProgress failure as no progress rather than rejecting","duration":0.13267299999998272,"failureMessages":[],"meta":{},"tags":[]}],"startTime":1783486385094,"endTime":1783486385096.1326,"status":"passed","message":"","name":"/ChimeraShare/Pantheon-Linux/momus/hades/player/resolvePlayTarget.test.ts"},{"assertionResults":[{"ancestorTitles":["ChannelStore","fetchAll"],"fullName":"ChannelStore fetchAll populates channels on success","status":"passed","title":"populates channels on success","duration":3.0785199999999975,"failureMessages":[],"meta":{},"tags":[]},{"ancestorTitles":["ChannelStore","fetchAll"],"fullName":"ChannelStore fetchAll sets loading=false after successful fetch","status":"passed","title":"sets loading=false after successful fetch","duration":0.33037400000000616,"failureMessages":[],"meta":{},"tags":[]},{"ancestorTitles":["ChannelStore","fetchAll"],"fullName":"ChannelStore fetchAll clears error on success","status":"passed","title":"clears error on success","duration":0.3758019999999931,"failureMessages":[],"meta":{},"tags":[]},{"ancestorTitles":["ChannelStore","fetchAll"],"fullName":"ChannelStore fetchAll sets error message on failure","status":"passed","title":"sets error message on failure","duration":0.22134900000000357,"failureMessages":[],"meta":{},"tags":[]},{"ancestorTitles":["ChannelStore","fetchAll"],"fullName":"ChannelStore fetchAll sets loading=false even on failure","status":"passed","title":"sets loading=false even on failure","duration":0.15133299999999394,"failureMessages":[],"meta":{},"tags":[]},{"ancestorTitles":["ChannelStore","fetchAll"],"fullName":"ChannelStore fetchAll does not overwrite channels on failure","status":"passed","title":"does not overwrite channels on failure","duration":0.31264699999999834,"failureMessages":[],"meta":{},"tags":[]},{"ancestorTitles":["ChannelStore","fetchAll"],"fullName":"ChannelStore fetchAll replaces stale channels on subsequent successful fetch","status":"passed","title":"replaces stale channels on subsequent successful fetch","duration":0.5624499999999841,"failureMessages":[],"meta":{},"tags":[]},{"ancestorTitles":["ChannelStore","add"],"fullName":"ChannelStore add calls createChannel with the supplied data","status":"passed","title":"calls createChannel with the supplied data","duration":0.9018630000000201,"failureMessages":[],"meta":{},"tags":[]},{"ancestorTitles":["ChannelStore","add"],"fullName":"ChannelStore add refetches the channel list after creating","status":"passed","title":"refetches the channel list after creating","duration":0.35605599999999527,"failureMessages":[],"meta":{},"tags":[]},{"ancestorTitles":["ChannelStore","remove"],"fullName":"ChannelStore remove calls deleteChannel with the correct id","status":"passed","title":"calls deleteChannel with the correct id","duration":0.4062680000000114,"failureMessages":[],"meta":{},"tags":[]},{"ancestorTitles":["ChannelStore","remove"],"fullName":"ChannelStore remove removes the channel from the local list optimistically","status":"passed","title":"removes the channel from the local list optimistically","duration":0.26639800000000946,"failureMessages":[],"meta":{},"tags":[]},{"ancestorTitles":["ChannelStore","remove"],"fullName":"ChannelStore remove preserves remaining channels after removal","status":"passed","title":"preserves remaining channels after removal","duration":0.17346000000000572,"failureMessages":[],"meta":{},"tags":[]},{"ancestorTitles":["ChannelStore","remove"],"fullName":"ChannelStore remove is a no-op on an unknown id","status":"passed","title":"is a no-op on an unknown id","duration":0.1590089999999975,"failureMessages":[],"meta":{},"tags":[]},{"ancestorTitles":["ChannelStore","initial state"],"fullName":"ChannelStore initial state starts with empty channels","status":"passed","title":"starts with empty channels","duration":0.09503399999999829,"failureMessages":[],"meta":{},"tags":[]},{"ancestorTitles":["ChannelStore","initial state"],"fullName":"ChannelStore initial state starts with loading=false","status":"passed","title":"starts with loading=false","duration":0.0724700000000098,"failureMessages":[],"meta":{},"tags":[]},{"ancestorTitles":["ChannelStore","initial state"],"fullName":"ChannelStore initial state starts with error=null","status":"passed","title":"starts with error=null","duration":0.06875700000000506,"failureMessages":[],"meta":{},"tags":[]}],"startTime":1783486385103,"endTime":1783486385111.1733,"status":"passed","message":"","name":"/ChimeraShare/Pantheon-Linux/momus/hades/stores/ChannelStore.test.ts"},{"assertionResults":[{"ancestorTitles":["LibraryStore"],"fullName":"LibraryStore defaults to sort=recently_added, contentType=all, page=0","status":"passed","title":"defaults to sort=recently_added, contentType=all, page=0","duration":1.2852399999999875,"failureMessages":[],"meta":{},"tags":[]},{"ancestorTitles":["LibraryStore","fetch"],"fullName":"LibraryStore fetch fetches both shows and movies when contentType=all","status":"passed","title":"fetches both shows and movies when contentType=all","duration":0.7054049999999847,"failureMessages":[],"meta":{},"tags":[]},{"ancestorTitles":["LibraryStore","fetch"],"fullName":"LibraryStore fetch skips getMovies when contentType=show","status":"passed","title":"skips getMovies when contentType=show","duration":0.43228500000000736,"failureMessages":[],"meta":{},"tags":[]},{"ancestorTitles":["LibraryStore","fetch"],"fullName":"LibraryStore fetch skips getShows when contentType=movie","status":"passed","title":"skips getShows when contentType=movie","duration":0.27515499999998383,"failureMessages":[],"meta":{},"tags":[]},{"ancestorTitles":["LibraryStore","fetch"],"fullName":"LibraryStore fetch passes sort through to both getShows and getMovies","status":"passed","title":"passes sort through to both getShows and getMovies","duration":1.3615800000000036,"failureMessages":[],"meta":{},"tags":[]},{"ancestorTitles":["LibraryStore","fetch"],"fullName":"LibraryStore fetch populates shows/movies/total from the API results","status":"passed","title":"populates shows/movies/total from the API results","duration":0.8785990000000083,"failureMessages":[],"meta":{},"tags":[]},{"ancestorTitles":["LibraryStore","fetch"],"fullName":"LibraryStore fetch clears loading even when the API call rejects","status":"passed","title":"clears loading even when the API call rejects","duration":0.3154970000000219,"failureMessages":[],"meta":{},"tags":[]},{"ancestorTitles":["LibraryStore","setters"],"fullName":"LibraryStore setters setSort updates sort, resets page to 0, and refetches","status":"passed","title":"setSort updates sort, resets page to 0, and refetches","duration":0.37790200000000596,"failureMessages":[],"meta":{},"tags":[]},{"ancestorTitles":["LibraryStore","setters"],"fullName":"LibraryStore setters setContentType updates contentType and resets page","status":"passed","title":"setContentType updates contentType and resets page","duration":0.23832399999997733,"failureMessages":[],"meta":{},"tags":[]},{"ancestorTitles":["LibraryStore","setters"],"fullName":"LibraryStore setters setFilterGenre updates genre and is included in fetch params","status":"passed","title":"setFilterGenre updates genre and is included in fetch params","duration":0.29922899999999686,"failureMessages":[],"meta":{},"tags":[]},{"ancestorTitles":["LibraryStore","loadMore"],"fullName":"LibraryStore loadMore does nothing if already at the end of the result set","status":"passed","title":"does nothing if already at the end of the result set","duration":0.33769399999999905,"failureMessages":[],"meta":{},"tags":[]},{"ancestorTitles":["LibraryStore","loadMore"],"fullName":"LibraryStore loadMore advances the page and appends results when more are available","status":"passed","title":"advances the page and appends results when more are available","duration":0.6044689999999946,"failureMessages":[],"meta":{},"tags":[]},{"ancestorTitles":["LibraryStore","loadMore"],"fullName":"LibraryStore loadMore is a no-op while a fetch is already loading","status":"passed","title":"is a no-op while a fetch is already loading","duration":0.21737800000002494,"failureMessages":[],"meta":{},"tags":[]},{"ancestorTitles":["LibraryStore","selectItem / clearSelection"],"fullName":"LibraryStore selectItem / clearSelection selecting an item sets selectedId/selectedType","status":"passed","title":"selecting an item sets selectedId/selectedType","duration":0.1699299999999937,"failureMessages":[],"meta":{},"tags":[]},{"ancestorTitles":["LibraryStore","selectItem / clearSelection"],"fullName":"LibraryStore selectItem / clearSelection selecting the same item again deselects it","status":"passed","title":"selecting the same item again deselects it","duration":0.12712099999998827,"failureMessages":[],"meta":{},"tags":[]},{"ancestorTitles":["LibraryStore","selectItem / clearSelection"],"fullName":"LibraryStore selectItem / clearSelection clearSelection resets both fields","status":"passed","title":"clearSelection resets both fields","duration":0.13108800000000542,"failureMessages":[],"meta":{},"tags":[]},{"ancestorTitles":["LibraryStore","discoverSearch"],"fullName":"LibraryStore discoverSearch does not call the API for a blank/whitespace-only query","status":"passed","title":"does not call the API for a blank/whitespace-only query","duration":0.2350409999999954,"failureMessages":[],"meta":{},"tags":[]},{"ancestorTitles":["LibraryStore","discoverSearch"],"fullName":"LibraryStore discoverSearch searches and populates discoverResults for a real query","status":"passed","title":"searches and populates discoverResults for a real query","duration":0.2863559999999836,"failureMessages":[],"meta":{},"tags":[]},{"ancestorTitles":["LibraryStore","discoverSearch"],"fullName":"LibraryStore discoverSearch toggleDiscoverMode off triggers a normal fetch","status":"passed","title":"toggleDiscoverMode off triggers a normal fetch","duration":0.15796399999999267,"failureMessages":[],"meta":{},"tags":[]},{"ancestorTitles":["LibraryStore","density persistence"],"fullName":"LibraryStore density persistence setDensity persists to localStorage and a fresh store picks it up","status":"passed","title":"setDensity persists to localStorage and a fresh store picks it up","duration":0.16246399999999994,"failureMessages":[],"meta":{},"tags":[]},{"ancestorTitles":["LibraryStore","density persistence"],"fullName":"LibraryStore density persistence toggleSidebar flips and persists sidebarOpen","status":"passed","title":"toggleSidebar flips and persists sidebarOpen","duration":0.14817800000000148,"failureMessages":[],"meta":{},"tags":[]}],"startTime":1783486385103,"endTime":1783486385112.1624,"status":"passed","message":"","name":"/ChimeraShare/Pantheon-Linux/momus/hades/stores/LibraryStore.test.ts"},{"assertionResults":[{"ancestorTitles":["SourceStore","initial state"],"fullName":"SourceStore initial state has empty sources and types","status":"passed","title":"has empty sources and types","duration":2.881600999999989,"failureMessages":[],"meta":{},"tags":[]},{"ancestorTitles":["SourceStore","initial state"],"fullName":"SourceStore initial state has no selection","status":"passed","title":"has no selection","duration":0.6075370000000078,"failureMessages":[],"meta":{},"tags":[]},{"ancestorTitles":["SourceStore","initial state"],"fullName":"SourceStore initial state starts with loading=false and error=null","status":"passed","title":"starts with loading=false and error=null","duration":0.3239409999999907,"failureMessages":[],"meta":{},"tags":[]},{"ancestorTitles":["SourceStore","fetchAll"],"fullName":"SourceStore fetchAll loads sources and types in parallel","status":"passed","title":"loads sources and types in parallel","duration":0.9727609999999913,"failureMessages":[],"meta":{},"tags":[]},{"ancestorTitles":["SourceStore","fetchAll"],"fullName":"SourceStore fetchAll sets loading=false after success","status":"passed","title":"sets loading=false after success","duration":0.3369430000000193,"failureMessages":[],"meta":{},"tags":[]},{"ancestorTitles":["SourceStore","fetchAll"],"fullName":"SourceStore fetchAll sets error when fetch fails","status":"passed","title":"sets error when fetch fails","duration":0.2789899999999932,"failureMessages":[],"meta":{},"tags":[]},{"ancestorTitles":["SourceStore","fetchAll"],"fullName":"SourceStore fetchAll clears previous error on success","status":"passed","title":"clears previous error on success","duration":0.31535900000000083,"failureMessages":[],"meta":{},"tags":[]},{"ancestorTitles":["SourceStore","selected (computed)"],"fullName":"SourceStore selected (computed) returns undefined when no selection","status":"passed","title":"returns undefined when no selection","duration":0.2907369999999787,"failureMessages":[],"meta":{},"tags":[]},{"ancestorTitles":["SourceStore","selected (computed)"],"fullName":"SourceStore selected (computed) returns the matching source after selection","status":"passed","title":"returns the matching source after selection","duration":0.5122460000000046,"failureMessages":[],"meta":{},"tags":[]},{"ancestorTitles":["SourceStore","selected (computed)"],"fullName":"SourceStore selected (computed) returns undefined after the selected source is removed","status":"passed","title":"returns undefined after the selected source is removed","duration":0.39634300000000167,"failureMessages":[],"meta":{},"tags":[]},{"ancestorTitles":["SourceStore","select"],"fullName":"SourceStore select sets selectedId","status":"passed","title":"sets selectedId","duration":0.18682699999999386,"failureMessages":[],"meta":{},"tags":[]},{"ancestorTitles":["SourceStore","select"],"fullName":"SourceStore select fetches libraries and credentials in parallel","status":"passed","title":"fetches libraries and credentials in parallel","duration":0.597724999999997,"failureMessages":[],"meta":{},"tags":[]},{"ancestorTitles":["SourceStore","select"],"fullName":"SourceStore select resets libraries and available on re-selection","status":"passed","title":"resets libraries and available on re-selection","duration":0.34869000000000483,"failureMessages":[],"meta":{},"tags":[]},{"ancestorTitles":["SourceStore","addSource"],"fullName":"SourceStore addSource creates the source then refetches the full list","status":"passed","title":"creates the source then refetches the full list","duration":0.485461000000015,"failureMessages":[],"meta":{},"tags":[]},{"ancestorTitles":["SourceStore","removeSource"],"fullName":"SourceStore removeSource calls deleteSource with correct id","status":"passed","title":"calls deleteSource with correct id","duration":0.2740850000000137,"failureMessages":[],"meta":{},"tags":[]},{"ancestorTitles":["SourceStore","removeSource"],"fullName":"SourceStore removeSource removes source from local list","status":"passed","title":"removes source from local list","duration":0.26818099999999845,"failureMessages":[],"meta":{},"tags":[]},{"ancestorTitles":["SourceStore","removeSource"],"fullName":"SourceStore removeSource clears selection and libraries when removing selected source","status":"passed","title":"clears selection and libraries when removing selected source","duration":0.2942769999999939,"failureMessages":[],"meta":{},"tags":[]},{"ancestorTitles":["SourceStore","removeSource"],"fullName":"SourceStore removeSource does not clear selection when removing a non-selected source","status":"passed","title":"does not clear selection when removing a non-selected source","duration":0.21212600000001203,"failureMessages":[],"meta":{},"tags":[]},{"ancestorTitles":["SourceStore","fetchAvailable"],"fullName":"SourceStore fetchAvailable populates available libraries","status":"passed","title":"populates available libraries","duration":0.25778300000001764,"failureMessages":[],"meta":{},"tags":[]},{"ancestorTitles":["SourceStore","addLibrary"],"fullName":"SourceStore addLibrary calls addLibrary API then refreshes library list","status":"failed","title":"calls addLibrary API then refreshes library list","duration":3.6924730000000068,"failureMessages":["AssertionError: expected \"vi.fn()\" to be called with arguments: [ 's1', …(1) ]\u001b[90m\n\nReceived:\n\n\u001b[1m  1st vi.fn() call:\n\n\u001b[22m\u001b[2m  [\u001b[22m\n\u001b[2m    \"s1\",\u001b[22m\n\u001b[2m    {\u001b[22m\n\u001b[2m      \"display_name\": \"TV\",\u001b[22m\n\u001b[2m      \"external_lib_id\": \"extB\",\u001b[22m\n\u001b[31m+     \"include_anidb\": false,\u001b[90m\n\u001b[2m      \"library_type\": \"show\",\u001b[22m\n\u001b[2m      \"preferred_language\": \"\",\u001b[22m\n\u001b[2m      \"preferred_scraper\": \"\",\u001b[22m\n\u001b[2m    },\u001b[22m\n\u001b[2m  ]\u001b[22m\n\u001b[39m\u001b[90m\n\nNumber of calls: \u001b[1m1\u001b[22m\n\u001b[39m\n    at Proxy.<anonymous> (file:///ChimeraShare/Pantheon-Linux/hades/node_modules/.pnpm/@vitest+expect@4.1.8/node_modules/@vitest/expect/dist/index.js:1487:10)\n    at Proxy.<anonymous> (file:///ChimeraShare/Pantheon-Linux/hades/node_modules/.pnpm/@vitest+expect@4.1.8/node_modules/@vitest/expect/dist/index.js:1156:15)\n    at Proxy.methodWrapper (file:///ChimeraShare/Pantheon-Linux/hades/node_modules/.pnpm/chai@6.2.2/node_modules/chai/index.js:1700:25)\n    at /ChimeraShare/Pantheon-Linux/momus/hades/stores/SourceStore.test.ts:242:34\n    at processTicksAndRejections (node:internal/process/task_queues:104:5)\n    at file:///ChimeraShare/Pantheon-Linux/hades/node_modules/.pnpm/@vitest+runner@4.1.8/node_modules/@vitest/runner/dist/chunk-artifact.js:1903:20"],"meta":{},"tags":[]},{"ancestorTitles":["SourceStore","removeLibrary"],"fullName":"SourceStore removeLibrary calls removeLibrary API and removes from local list","status":"passed","title":"calls removeLibrary API and removes from local list","duration":0.3446169999999995,"failureMessages":[],"meta":{},"tags":[]},{"ancestorTitles":["SourceStore","credentials"],"fullName":"SourceStore credentials fetchCredentials stores result keyed by sourceId","status":"passed","title":"fetchCredentials stores result keyed by sourceId","duration":0.23858799999999292,"failureMessages":[],"meta":{},"tags":[]},{"ancestorTitles":["SourceStore","credentials"],"fullName":"SourceStore credentials setCredentials updates credentials optimistically","status":"passed","title":"setCredentials updates credentials optimistically","duration":0.2737850000000037,"failureMessages":[],"meta":{},"tags":[]},{"ancestorTitles":["SourceStore","credentials"],"fullName":"SourceStore credentials setCredentials marks has_user_id=true when userId provided","status":"passed","title":"setCredentials marks has_user_id=true when userId provided","duration":0.1736529999999732,"failureMessages":[],"meta":{},"tags":[]},{"ancestorTitles":["SourceStore","credentials"],"fullName":"SourceStore credentials deleteCredentials clears credential flags","status":"passed","title":"deleteCredentials clears credential flags","duration":0.22484199999999532,"failureMessages":[],"meta":{},"tags":[]},{"ancestorTitles":["SourceStore","triggerSync"],"fullName":"SourceStore triggerSync calls triggerSync API with correct source id","status":"passed","title":"calls triggerSync API with correct source id","duration":0.1683879999999931,"failureMessages":[],"meta":{},"tags":[]},{"ancestorTitles":["SourceStore","triggerSync"],"fullName":"SourceStore triggerSync sets syncing=false after completion","status":"passed","title":"sets syncing=false after completion","duration":0.14544900000001348,"failureMessages":[],"meta":{},"tags":[]},{"ancestorTitles":["SourceStore","triggerSync"],"fullName":"SourceStore triggerSync sets syncing=false even on error","status":"passed","title":"sets syncing=false even on error","duration":0.17573899999999298,"failureMessages":[],"meta":{},"tags":[]}],"startTime":1783486385105,"endTime":1783486385120.2249,"status":"failed","message":"","name":"/ChimeraShare/Pantheon-Linux/momus/hades/stores/SourceStore.test.ts"},{"assertionResults":[{"ancestorTitles":["StatusStore"],"fullName":"StatusStore starts with syncing=false, matching=false, anyRunning=false","status":"passed","title":"starts with syncing=false, matching=false, anyRunning=false","duration":2.279391000000004,"failureMessages":[],"meta":{},"tags":[]},{"ancestorTitles":["StatusStore","startPolling"],"fullName":"StatusStore startPolling calls getSyncStatus/getMatchStatus/getSettings immediately on first poll","status":"passed","title":"calls getSyncStatus/getMatchStatus/getSettings immediately on first poll","duration":0.8746399999999994,"failureMessages":[],"meta":{},"tags":[]},{"ancestorTitles":["StatusStore","startPolling"],"fullName":"StatusStore startPolling sets syncing=true when the API reports running=true","status":"passed","title":"sets syncing=true when the API reports running=true","duration":0.42298200000001884,"failureMessages":[],"meta":{},"tags":[]},{"ancestorTitles":["StatusStore","startPolling"],"fullName":"StatusStore startPolling sets matching=true when the API reports running=true","status":"passed","title":"sets matching=true when the API reports running=true","duration":0.3355900000000247,"failureMessages":[],"meta":{},"tags":[]},{"ancestorTitles":["StatusStore","startPolling"],"fullName":"StatusStore startPolling mirrors sync_debug/epg_debug from settings","status":"passed","title":"mirrors sync_debug/epg_debug from settings","duration":0.3584599999999796,"failureMessages":[],"meta":{},"tags":[]},{"ancestorTitles":["StatusStore","startPolling"],"fullName":"StatusStore startPolling is idempotent — calling again once the timer is set has no effect","status":"passed","title":"is idempotent — calling again once the timer is set has no effect","duration":0.24591100000000665,"failureMessages":[],"meta":{},"tags":[]},{"ancestorTitles":["StatusStore","startPolling"],"fullName":"StatusStore startPolling schedules next poll after 15s when idle","status":"passed","title":"schedules next poll after 15s when idle","duration":0.46866900000000555,"failureMessages":[],"meta":{},"tags":[]},{"ancestorTitles":["StatusStore","startPolling"],"fullName":"StatusStore startPolling does not poll again before 15s interval when idle","status":"passed","title":"does not poll again before 15s interval when idle","duration":0.25588500000000636,"failureMessages":[],"meta":{},"tags":[]},{"ancestorTitles":["StatusStore","startPolling"],"fullName":"StatusStore startPolling schedules next poll after 2s when syncing or matching is active","status":"passed","title":"schedules next poll after 2s when syncing or matching is active","duration":0.3232309999999927,"failureMessages":[],"meta":{},"tags":[]},{"ancestorTitles":["StatusStore","startPolling"],"fullName":"StatusStore startPolling does not use the 2s interval when nothing is running","status":"passed","title":"does not use the 2s interval when nothing is running","duration":0.29618200000001593,"failureMessages":[],"meta":{},"tags":[]},{"ancestorTitles":["StatusStore","stopPolling"],"fullName":"StatusStore stopPolling prevents future polls after the timer is set","status":"passed","title":"prevents future polls after the timer is set","duration":0.27091000000001486,"failureMessages":[],"meta":{},"tags":[]},{"ancestorTitles":["StatusStore","stopPolling"],"fullName":"StatusStore stopPolling can be called when not polling without throwing","status":"passed","title":"can be called when not polling without throwing","duration":0.5337949999999978,"failureMessages":[],"meta":{},"tags":[]},{"ancestorTitles":["StatusStore","error handling"],"fullName":"StatusStore error handling swallows API errors and does not propagate them","status":"passed","title":"swallows API errors and does not propagate them","duration":0.26887800000000084,"failureMessages":[],"meta":{},"tags":[]},{"ancestorTitles":["StatusStore","error handling"],"fullName":"StatusStore error handling keeps syncing=false when the API fails","status":"passed","title":"keeps syncing=false when the API fails","duration":0.21546200000000226,"failureMessages":[],"meta":{},"tags":[]},{"ancestorTitles":["StatusStore","error handling"],"fullName":"StatusStore error handling still schedules the next poll (at the idle interval) after a failure","status":"passed","title":"still schedules the next poll (at the idle interval) after a failure","duration":0.23190999999999917,"failureMessages":[],"meta":{},"tags":[]}],"startTime":1783486385104,"endTime":1783486385111.2688,"status":"passed","message":"","name":"/ChimeraShare/Pantheon-Linux/momus/hades/stores/StatusStore.test.ts"},{"assertionResults":[{"ancestorTitles":["SystemStore","connectLogs"],"fullName":"SystemStore connectLogs opens an EventSource against /api/logs/stream when no token is set","status":"passed","title":"opens an EventSource against /api/logs/stream when no token is set","duration":3.417999000000009,"failureMessages":[],"meta":{},"tags":[]},{"ancestorTitles":["SystemStore","connectLogs"],"fullName":"SystemStore connectLogs appends ?token= when a token is present","status":"passed","title":"appends ?token= when a token is present","duration":0.46143699999998944,"failureMessages":[],"meta":{},"tags":[]},{"ancestorTitles":["SystemStore","connectLogs"],"fullName":"SystemStore connectLogs sets liveStatus to connecting immediately, then live on open","status":"passed","title":"sets liveStatus to connecting immediately, then live on open","duration":0.4390860000000032,"failureMessages":[],"meta":{},"tags":[]},{"ancestorTitles":["SystemStore","connectLogs"],"fullName":"SystemStore connectLogs is idempotent — a second call while already connected opens no new EventSource","status":"passed","title":"is idempotent — a second call while already connected opens no new EventSource","duration":0.2831299999999999,"failureMessages":[],"meta":{},"tags":[]},{"ancestorTitles":["SystemStore","reconnect on error"],"fullName":"SystemStore reconnect on error sets liveStatus=disconnected and closes the source","status":"passed","title":"sets liveStatus=disconnected and closes the source","duration":0.40863200000001143,"failureMessages":[],"meta":{},"tags":[]},{"ancestorTitles":["SystemStore","reconnect on error"],"fullName":"SystemStore reconnect on error reconnects after 5s","status":"passed","title":"reconnects after 5s","duration":0.5976670000000013,"failureMessages":[],"meta":{},"tags":[]},{"ancestorTitles":["SystemStore","log messages"],"fullName":"SystemStore log messages appends a log entry","status":"passed","title":"appends a log entry","duration":10.084858000000025,"failureMessages":[],"meta":{},"tags":[]},{"ancestorTitles":["SystemStore","log messages"],"fullName":"SystemStore log messages flags lines starting with [error] as errors and increments unreadErrors","status":"passed","title":"flags lines starting with [error] as errors and increments unreadErrors","duration":0.5730399999999918,"failureMessages":[],"meta":{},"tags":[]},{"ancestorTitles":["SystemStore","log messages"],"fullName":"SystemStore log messages caps logs at 1000 entries, dropping the oldest","status":"passed","title":"caps logs at 1000 entries, dropping the oldest","duration":46.14966899999999,"failureMessages":[],"meta":{},"tags":[]},{"ancestorTitles":["SystemStore","error toast"],"fullName":"SystemStore error toast shows a toast with the [error] tag stripped","status":"passed","title":"shows a toast with the [error] tag stripped","duration":0.5094620000000134,"failureMessages":[],"meta":{},"tags":[]},{"ancestorTitles":["SystemStore","error toast"],"fullName":"SystemStore error toast auto-dismisses after 8s","status":"passed","title":"auto-dismisses after 8s","duration":0.3814559999999858,"failureMessages":[],"meta":{},"tags":[]},{"ancestorTitles":["SystemStore","error toast"],"fullName":"SystemStore error toast a second error resets the auto-dismiss timer instead of stacking","status":"passed","title":"a second error resets the auto-dismiss timer instead of stacking","duration":0.44391500000000406,"failureMessages":[],"meta":{},"tags":[]},{"ancestorTitles":["SystemStore","error toast"],"fullName":"SystemStore error toast dismissToast clears the toast immediately and cancels the pending auto-dismiss","status":"passed","title":"dismissToast clears the toast immediately and cancels the pending auto-dismiss","duration":0.313114000000013,"failureMessages":[],"meta":{},"tags":[]},{"ancestorTitles":["SystemStore","clearUnreadErrors"],"fullName":"SystemStore clearUnreadErrors resets the counter to 0","status":"passed","title":"resets the counter to 0","duration":0.34057599999999866,"failureMessages":[],"meta":{},"tags":[]}],"startTime":1783486385102,"endTime":1783486385166.3406,"status":"passed","message":"","name":"/ChimeraShare/Pantheon-Linux/momus/hades/stores/SystemStore.test.ts"}]}